<?xml version="1.0" encoding="UTF-8"?>
<!-- Generated by org.testng.reporters.JUnitReportReporter -->
<testsuite hostname="Venky1" name="com.ixigo.TestScripts.FlightSearch" tests="1" failures="0" timestamp="13 Mar 2021 06:43:17 GMT" time="25.456" errors="0">
  <testcase name="flightSearch" time="25.456" classname="com.ixigo.TestScripts.FlightSearch"/>
</testsuite> <!-- com.ixigo.TestScripts.FlightSearch -->
